<?xml version="1.0" encoding="UTF-8"?>
<testng-results ignored="0" total="1" passed="1" failed="0" skipped="0">
  <reporter-output>
  </reporter-output>
  <suite started-at="2025-09-10T21:49:21 CEST" name="Default suite" finished-at="2025-09-10T21:49:21 CEST" duration-ms="40">
    <groups>
    </groups>
    <test started-at="2025-09-10T21:49:21 CEST" name="Default test" finished-at="2025-09-10T21:49:21 CEST" duration-ms="40">
      <class name="CompareTwoCSV">
        <test-method signature="compareCsvFiles()[pri:0, instance:CompareTwoCSV@294425a7]" started-at="2025-09-10T21:49:21 CEST" name="compareCsvFiles" finished-at="2025-09-10T21:49:21 CEST" duration-ms="11" status="PASS">
          <reporter-output>
          </reporter-output>
        </test-method> <!-- compareCsvFiles -->
      </class> <!-- CompareTwoCSV -->
    </test> <!-- Default test -->
  </suite> <!-- Default suite -->
</testng-results>
